背包问题 0.50
度限制最小生成树 1.00
最小树形图 1.00
树形dp 2.00
simpson积分法 0.50
线性代数 1.00
fft/ntt/fwt/fst等/生成函数与各种卷积 2.00
高维前缀和 0.50
差分约束 1.00
数论 1.00
分块与树上分块 1.00
kd-tree 1.00
类欧几里得算法 0.50
树上莫队 1.00
虚树 1.00
动态点分治 1.00
构造 1.00
动态凸包 1.00
瓶颈路 0.50
分治fft 2.00
数据结构 1.00
容斥原理以及各种反演 3.00
2-sat 2.00
点分治 1.00
传递闭包 0.50
二分图匹配 2.00
图论 4.00
支配树 1.00
线段树模拟费用流 1.00
基环树 1.00
笛卡尔树 1.00
边分治 0.50
网络流 5.00
高维偏序问题 1.00
长链剖分 1.00
普通dp及其优化 4.00
最优比率生成树/最优比率环/01规划 0.50
整体二分 1.00
(min,+)卷积/最值反演/min-max容斥 1.00
连分数 0.50
概率dp 2.00
组合数学与概率论 2.00
贪心 2.00
斯坦纳树 1.00
博弈 1.00
状压dp 2.00
稳定婚姻系统 0.50
分治 3.00
动态树 1.00
仙人掌 1.00
几类积性函数的求和方法/杜教筛/min25筛法等 2.00
dancing_links及其他搜索优化 1.00
线性规划及其对偶 0.50

_______________


ans => 25000
